<?xml version="1.0" encoding="UTF-8"?>
<!-- Generated by org.testng.reporters.JUnitXMLReporter -->
<testsuite ignored="0" hostname="DESKTOP-8FH7UIS" failures="0" tests="3" name="ClearTrip" time="90.381" errors="0" timestamp="2019-09-11T17:39:57 IST">
  <testcase classname="workplace.FlightBookingTest" name="testThatResultsAppearForAOneWayJourney" time="9.444"/>
  <testcase classname="workplace.SignInTest" name="shouldThrowAnErrorIfSignInDetailsAreMissing" time="5.009"/>
  <testcase classname="workplace.HotelBooking" name="shouldBeAbleToSearchForHotels" time="21.939"/>
</testsuite> <!-- ClearTrip -->
