<?xml version="1.0" encoding="UTF-8"?>
<!-- Generated by org.testng.reporters.JUnitXMLReporter -->
<testsuite ignored="0" hostname="DESKTOP-8FH7UIS" failures="0" tests="3" name="Test" time="76.577" errors="0" timestamp="2019-09-10T16:17:45 IST">
  <testcase classname="workplace.SignInTest" name="shouldThrowAnErrorIfSignInDetailsAreMissing" time="5.803"/>
  <testcase classname="workplace.HotelBooking" name="shouldBeAbleToSearchForHotels" time="12.672"/>
  <testcase classname="workplace.FlightBookingTest" name="testThatResultsAppearForAOneWayJourney" time="6.965"/>
</testsuite> <!-- Test -->
