<?xml version="1.0" encoding="UTF-8"?>
<!-- Generated by org.testng.reporters.JUnitXMLReporter -->
<testsuite ignored="0" hostname="DESKTOP-8FH7UIS" failures="0" tests="3" name="Test" time="116.268" errors="0" timestamp="2019-09-10T18:18:24 IST">
  <testcase classname="workplace.SignInTest" name="shouldThrowAnErrorIfSignInDetailsAreMissing" time="8.892"/>
  <testcase classname="workplace.HotelBooking" name="shouldBeAbleToSearchForHotels" time="20.364"/>
  <testcase classname="workplace.FlightBookingTest" name="testThatResultsAppearForAOneWayJourney" time="7.879"/>
</testsuite> <!-- Test -->
