<?xml version="1.0" encoding="UTF-8"?>
<testng-results ignored="0" total="3" passed="3" failed="0" skipped="0">
  <reporter-output>
    <line>
      <![CDATA[====Browser Session Started====]]>
    </line>
    <line>
      <![CDATA[====Application Started====]]>
    </line>
    <line>
      <![CDATA[====Browser closed====]]>
    </line>
    <line>
      <![CDATA[====Browser Session Started====]]>
    </line>
    <line>
      <![CDATA[====Application Started====]]>
    </line>
    <line>
      <![CDATA[====Browser closed====]]>
    </line>
    <line>
      <![CDATA[====Browser Session Started====]]>
    </line>
    <line>
      <![CDATA[====Application Started====]]>
    </line>
    <line>
      <![CDATA[====Browser closed====]]>
    </line>
  </reporter-output>
  <suite started-at="2019-09-10T18:16:26 IST" name="Suite" finished-at="2019-09-10T18:18:22 IST" duration-ms="116268">
    <groups>
    </groups>
    <test started-at="2019-09-10T18:16:26 IST" name="Test" finished-at="2019-09-10T18:18:22 IST" duration-ms="116268">
      <class name="workplace.HotelBooking">
        <test-method is-config="true" signature="setupApplication()[pri:0, instance:workplace.HotelBooking@484970b0]" started-at="2019-09-10T18:17:09 IST" name="setupApplication" finished-at="2019-09-10T18:17:36 IST" duration-ms="26911" status="PASS">
          <reporter-output>
            <line>
              <![CDATA[====Browser Session Started====]]>
            </line>
            <line>
              <![CDATA[====Application Started====]]>
            </line>
          </reporter-output>
        </test-method> <!-- setupApplication -->
        <test-method signature="shouldBeAbleToSearchForHotels()[pri:0, instance:workplace.HotelBooking@484970b0]" started-at="2019-09-10T18:17:36 IST" name="shouldBeAbleToSearchForHotels" finished-at="2019-09-10T18:17:56 IST" duration-ms="20364" status="PASS">
          <reporter-output>
          </reporter-output>
        </test-method> <!-- shouldBeAbleToSearchForHotels -->
        <test-method is-config="true" signature="closeAppilcation()[pri:0, instance:workplace.HotelBooking@484970b0]" started-at="2019-09-10T18:17:56 IST" name="closeAppilcation" finished-at="2019-09-10T18:17:57 IST" duration-ms="723" status="PASS">
          <reporter-output>
            <line>
              <![CDATA[====Browser closed====]]>
            </line>
          </reporter-output>
        </test-method> <!-- closeAppilcation -->
      </class> <!-- workplace.HotelBooking -->
      <class name="workplace.SignInTest">
        <test-method is-config="true" signature="setupApplication()[pri:0, instance:workplace.SignInTest@3e96bacf]" started-at="2019-09-10T18:16:26 IST" name="setupApplication" finished-at="2019-09-10T18:16:59 IST" duration-ms="32618" status="PASS">
          <reporter-output>
            <line>
              <![CDATA[====Browser Session Started====]]>
            </line>
            <line>
              <![CDATA[====Application Started====]]>
            </line>
          </reporter-output>
        </test-method> <!-- setupApplication -->
        <test-method signature="shouldThrowAnErrorIfSignInDetailsAreMissing()[pri:0, instance:workplace.SignInTest@3e96bacf]" started-at="2019-09-10T18:16:59 IST" name="shouldThrowAnErrorIfSignInDetailsAreMissing" finished-at="2019-09-10T18:17:07 IST" duration-ms="8892" status="PASS">
          <reporter-output>
          </reporter-output>
        </test-method> <!-- shouldThrowAnErrorIfSignInDetailsAreMissing -->
        <test-method is-config="true" signature="closeAppilcation()[pri:0, instance:workplace.SignInTest@3e96bacf]" started-at="2019-09-10T18:17:08 IST" name="closeAppilcation" finished-at="2019-09-10T18:17:09 IST" duration-ms="1096" status="PASS">
          <reporter-output>
            <line>
              <![CDATA[====Browser closed====]]>
            </line>
          </reporter-output>
        </test-method> <!-- closeAppilcation -->
      </class> <!-- workplace.SignInTest -->
      <class name="workplace.FlightBookingTest">
        <test-method is-config="true" signature="setupApplication()[pri:0, instance:workplace.FlightBookingTest@4470f8a6]" started-at="2019-09-10T18:17:57 IST" name="setupApplication" finished-at="2019-09-10T18:18:14 IST" duration-ms="16876" status="PASS">
          <reporter-output>
            <line>
              <![CDATA[====Browser Session Started====]]>
            </line>
            <line>
              <![CDATA[====Application Started====]]>
            </line>
          </reporter-output>
        </test-method> <!-- setupApplication -->
        <test-method signature="testThatResultsAppearForAOneWayJourney()[pri:0, instance:workplace.FlightBookingTest@4470f8a6]" started-at="2019-09-10T18:18:14 IST" name="testThatResultsAppearForAOneWayJourney" finished-at="2019-09-10T18:18:21 IST" duration-ms="7879" status="PASS">
          <reporter-output>
          </reporter-output>
        </test-method> <!-- testThatResultsAppearForAOneWayJourney -->
        <test-method is-config="true" signature="closeAppilcation()[pri:0, instance:workplace.FlightBookingTest@4470f8a6]" started-at="2019-09-10T18:18:21 IST" name="closeAppilcation" finished-at="2019-09-10T18:18:22 IST" duration-ms="741" status="PASS">
          <reporter-output>
            <line>
              <![CDATA[====Browser closed====]]>
            </line>
          </reporter-output>
        </test-method> <!-- closeAppilcation -->
      </class> <!-- workplace.FlightBookingTest -->
    </test> <!-- Test -->
  </suite> <!-- Suite -->
</testng-results>
