<?xml version="1.0" encoding="UTF-8"?>
<testng-results ignored="0" total="3" passed="3" failed="0" skipped="0">
  <reporter-output>
    <line>
      <![CDATA[====Browser Session Started====]]>
    </line>
    <line>
      <![CDATA[====Application Started====]]>
    </line>
    <line>
      <![CDATA[====Browser closed====]]>
    </line>
    <line>
      <![CDATA[====Browser Session Started====]]>
    </line>
    <line>
      <![CDATA[====Application Started====]]>
    </line>
    <line>
      <![CDATA[====Browser closed====]]>
    </line>
    <line>
      <![CDATA[====Browser Session Started====]]>
    </line>
    <line>
      <![CDATA[====Application Started====]]>
    </line>
    <line>
      <![CDATA[====Browser closed====]]>
    </line>
  </reporter-output>
  <suite started-at="2019-09-11T17:38:21 IST" name="Suite" finished-at="2019-09-11T17:39:52 IST" duration-ms="90381">
    <groups>
    </groups>
    <test started-at="2019-09-11T17:38:21 IST" name="ClearTrip" finished-at="2019-09-11T17:39:52 IST" duration-ms="90381">
      <class name="workplace.HotelBooking">
        <test-method is-config="true" signature="browseropen()[pri:0, instance:workplace.HotelBooking@4470f8a6]" started-at="2019-09-11T17:39:12 IST" name="browseropen" finished-at="2019-09-11T17:39:28 IST" duration-ms="15967" status="PASS">
          <reporter-output>
            <line>
              <![CDATA[====Browser Session Started====]]>
            </line>
            <line>
              <![CDATA[====Application Started====]]>
            </line>
          </reporter-output>
        </test-method> <!-- browseropen -->
        <test-method signature="shouldBeAbleToSearchForHotels()[pri:0, instance:workplace.HotelBooking@4470f8a6]" started-at="2019-09-11T17:39:28 IST" name="shouldBeAbleToSearchForHotels" finished-at="2019-09-11T17:39:50 IST" duration-ms="21939" status="PASS">
          <reporter-output>
          </reporter-output>
        </test-method> <!-- shouldBeAbleToSearchForHotels -->
        <test-method is-config="true" signature="closeAppilcation()[pri:0, instance:workplace.HotelBooking@4470f8a6]" started-at="2019-09-11T17:39:50 IST" name="closeAppilcation" finished-at="2019-09-11T17:39:52 IST" duration-ms="1625" status="PASS">
          <reporter-output>
            <line>
              <![CDATA[====Browser closed====]]>
            </line>
          </reporter-output>
        </test-method> <!-- closeAppilcation -->
      </class> <!-- workplace.HotelBooking -->
      <class name="workplace.SignInTest">
        <test-method is-config="true" signature="browseropen()[pri:0, instance:workplace.SignInTest@484970b0]" started-at="2019-09-11T17:38:50 IST" name="browseropen" finished-at="2019-09-11T17:39:06 IST" duration-ms="16268" status="PASS">
          <reporter-output>
            <line>
              <![CDATA[====Browser Session Started====]]>
            </line>
            <line>
              <![CDATA[====Application Started====]]>
            </line>
          </reporter-output>
        </test-method> <!-- browseropen -->
        <test-method signature="shouldThrowAnErrorIfSignInDetailsAreMissing()[pri:0, instance:workplace.SignInTest@484970b0]" started-at="2019-09-11T17:39:06 IST" name="shouldThrowAnErrorIfSignInDetailsAreMissing" finished-at="2019-09-11T17:39:11 IST" duration-ms="5009" status="PASS">
          <reporter-output>
          </reporter-output>
        </test-method> <!-- shouldThrowAnErrorIfSignInDetailsAreMissing -->
        <test-method is-config="true" signature="closeAppilcation()[pri:0, instance:workplace.SignInTest@484970b0]" started-at="2019-09-11T17:39:11 IST" name="closeAppilcation" finished-at="2019-09-11T17:39:12 IST" duration-ms="702" status="PASS">
          <reporter-output>
            <line>
              <![CDATA[====Browser closed====]]>
            </line>
          </reporter-output>
        </test-method> <!-- closeAppilcation -->
      </class> <!-- workplace.SignInTest -->
      <class name="workplace.FlightBookingTest">
        <test-method is-config="true" signature="browseropen()[pri:0, instance:workplace.FlightBookingTest@3e96bacf]" started-at="2019-09-11T17:38:21 IST" name="browseropen" finished-at="2019-09-11T17:38:40 IST" duration-ms="18655" status="PASS">
          <reporter-output>
            <line>
              <![CDATA[====Browser Session Started====]]>
            </line>
            <line>
              <![CDATA[====Application Started====]]>
            </line>
          </reporter-output>
        </test-method> <!-- browseropen -->
        <test-method signature="testThatResultsAppearForAOneWayJourney()[pri:0, instance:workplace.FlightBookingTest@3e96bacf]" started-at="2019-09-11T17:38:40 IST" name="testThatResultsAppearForAOneWayJourney" finished-at="2019-09-11T17:38:49 IST" duration-ms="9444" status="PASS">
          <reporter-output>
          </reporter-output>
        </test-method> <!-- testThatResultsAppearForAOneWayJourney -->
        <test-method is-config="true" signature="closeAppilcation()[pri:0, instance:workplace.FlightBookingTest@3e96bacf]" started-at="2019-09-11T17:38:49 IST" name="closeAppilcation" finished-at="2019-09-11T17:38:50 IST" duration-ms="707" status="PASS">
          <reporter-output>
            <line>
              <![CDATA[====Browser closed====]]>
            </line>
          </reporter-output>
        </test-method> <!-- closeAppilcation -->
      </class> <!-- workplace.FlightBookingTest -->
    </test> <!-- ClearTrip -->
  </suite> <!-- Suite -->
</testng-results>
