<?xml version="1.0" encoding="UTF-8"?>
<testng-results ignored="0" total="3" passed="3" failed="0" skipped="0">
  <reporter-output>
    <line>
      <![CDATA[====Browser Session Started====]]>
    </line>
    <line>
      <![CDATA[====Application Started====]]>
    </line>
    <line>
      <![CDATA[====Browser closed====]]>
    </line>
    <line>
      <![CDATA[====Browser Session Started====]]>
    </line>
    <line>
      <![CDATA[====Application Started====]]>
    </line>
    <line>
      <![CDATA[====Browser closed====]]>
    </line>
    <line>
      <![CDATA[====Browser Session Started====]]>
    </line>
    <line>
      <![CDATA[====Application Started====]]>
    </line>
    <line>
      <![CDATA[====Browser closed====]]>
    </line>
  </reporter-output>
  <suite started-at="2019-09-10T17:34:48 IST" name="Suite" finished-at="2019-09-10T17:37:14 IST" duration-ms="146775">
    <groups>
    </groups>
    <test started-at="2019-09-10T17:34:48 IST" name="Test" finished-at="2019-09-10T17:37:14 IST" duration-ms="146775">
      <class name="workplace.HotelBooking">
        <test-method is-config="true" signature="setupApplication()[pri:0, instance:workplace.HotelBooking@484970b0]" started-at="2019-09-10T17:35:37 IST" name="setupApplication" finished-at="2019-09-10T17:36:04 IST" duration-ms="27749" status="PASS">
          <reporter-output>
            <line>
              <![CDATA[====Browser Session Started====]]>
            </line>
            <line>
              <![CDATA[====Application Started====]]>
            </line>
          </reporter-output>
        </test-method> <!-- setupApplication -->
        <test-method signature="shouldBeAbleToSearchForHotels()[pri:0, instance:workplace.HotelBooking@484970b0]" started-at="2019-09-10T17:36:04 IST" name="shouldBeAbleToSearchForHotels" finished-at="2019-09-10T17:36:52 IST" duration-ms="47902" status="PASS">
          <reporter-output>
          </reporter-output>
        </test-method> <!-- shouldBeAbleToSearchForHotels -->
        <test-method is-config="true" signature="closeAppilcation()[pri:0, instance:workplace.HotelBooking@484970b0]" started-at="2019-09-10T17:36:52 IST" name="closeAppilcation" finished-at="2019-09-10T17:36:53 IST" duration-ms="789" status="PASS">
          <reporter-output>
            <line>
              <![CDATA[====Browser closed====]]>
            </line>
          </reporter-output>
        </test-method> <!-- closeAppilcation -->
      </class> <!-- workplace.HotelBooking -->
      <class name="workplace.SignInTest">
        <test-method is-config="true" signature="setupApplication()[pri:0, instance:workplace.SignInTest@3e96bacf]" started-at="2019-09-10T17:34:48 IST" name="setupApplication" finished-at="2019-09-10T17:35:25 IST" duration-ms="36856" status="PASS">
          <reporter-output>
            <line>
              <![CDATA[====Browser Session Started====]]>
            </line>
            <line>
              <![CDATA[====Application Started====]]>
            </line>
          </reporter-output>
        </test-method> <!-- setupApplication -->
        <test-method signature="shouldThrowAnErrorIfSignInDetailsAreMissing()[pri:0, instance:workplace.SignInTest@3e96bacf]" started-at="2019-09-10T17:35:25 IST" name="shouldThrowAnErrorIfSignInDetailsAreMissing" finished-at="2019-09-10T17:35:36 IST" duration-ms="11284" status="PASS">
          <reporter-output>
          </reporter-output>
        </test-method> <!-- shouldThrowAnErrorIfSignInDetailsAreMissing -->
        <test-method is-config="true" signature="closeAppilcation()[pri:0, instance:workplace.SignInTest@3e96bacf]" started-at="2019-09-10T17:35:36 IST" name="closeAppilcation" finished-at="2019-09-10T17:35:37 IST" duration-ms="749" status="PASS">
          <reporter-output>
            <line>
              <![CDATA[====Browser closed====]]>
            </line>
          </reporter-output>
        </test-method> <!-- closeAppilcation -->
      </class> <!-- workplace.SignInTest -->
      <class name="workplace.FlightBookingTest">
        <test-method is-config="true" signature="setupApplication()[pri:0, instance:workplace.FlightBookingTest@4470f8a6]" started-at="2019-09-10T17:36:53 IST" name="setupApplication" finished-at="2019-09-10T17:37:09 IST" duration-ms="16121" status="PASS">
          <reporter-output>
            <line>
              <![CDATA[====Browser Session Started====]]>
            </line>
            <line>
              <![CDATA[====Application Started====]]>
            </line>
          </reporter-output>
        </test-method> <!-- setupApplication -->
        <test-method signature="testThatResultsAppearForAOneWayJourney()[pri:0, instance:workplace.FlightBookingTest@4470f8a6]" started-at="2019-09-10T17:37:09 IST" name="testThatResultsAppearForAOneWayJourney" finished-at="2019-09-10T17:37:13 IST" duration-ms="4240" status="PASS">
          <reporter-output>
          </reporter-output>
        </test-method> <!-- testThatResultsAppearForAOneWayJourney -->
        <test-method is-config="true" signature="closeAppilcation()[pri:0, instance:workplace.FlightBookingTest@4470f8a6]" started-at="2019-09-10T17:37:13 IST" name="closeAppilcation" finished-at="2019-09-10T17:37:14 IST" duration-ms="948" status="PASS">
          <reporter-output>
            <line>
              <![CDATA[====Browser closed====]]>
            </line>
          </reporter-output>
        </test-method> <!-- closeAppilcation -->
      </class> <!-- workplace.FlightBookingTest -->
    </test> <!-- Test -->
  </suite> <!-- Suite -->
</testng-results>
