<?xml version="1.0" encoding="UTF-8"?>
<testng-results ignored="0" total="1" passed="1" failed="0" skipped="0">
  <reporter-output>
    <line>
      <![CDATA[====Browser Session Started====]]>
    </line>
    <line>
      <![CDATA[====Application Started====]]>
    </line>
    <line>
      <![CDATA[====Browser closed====]]>
    </line>
  </reporter-output>
  <suite started-at="2019-09-10T16:19:06 IST" name="Default suite" finished-at="2019-09-10T16:19:37 IST" duration-ms="31215">
    <groups>
    </groups>
    <test started-at="2019-09-10T16:19:06 IST" name="Default test" finished-at="2019-09-10T16:19:37 IST" duration-ms="31215">
      <class name="workplace.HotelBooking">
        <test-method is-config="true" signature="setupApplication()[pri:0, instance:workplace.HotelBooking@3f56875e]" started-at="2019-09-10T16:19:06 IST" name="setupApplication" finished-at="2019-09-10T16:19:20 IST" duration-ms="13756" status="PASS">
          <reporter-output>
            <line>
              <![CDATA[====Browser Session Started====]]>
            </line>
            <line>
              <![CDATA[====Application Started====]]>
            </line>
          </reporter-output>
        </test-method> <!-- setupApplication -->
        <test-method signature="shouldBeAbleToSearchForHotels()[pri:0, instance:workplace.HotelBooking@3f56875e]" started-at="2019-09-10T16:19:20 IST" name="shouldBeAbleToSearchForHotels" finished-at="2019-09-10T16:19:36 IST" duration-ms="16634" status="PASS">
          <reporter-output>
          </reporter-output>
        </test-method> <!-- shouldBeAbleToSearchForHotels -->
        <test-method is-config="true" signature="closeAppilcation()[pri:0, instance:workplace.HotelBooking@3f56875e]" started-at="2019-09-10T16:19:36 IST" name="closeAppilcation" finished-at="2019-09-10T16:19:37 IST" duration-ms="754" status="PASS">
          <reporter-output>
            <line>
              <![CDATA[====Browser closed====]]>
            </line>
          </reporter-output>
        </test-method> <!-- closeAppilcation -->
      </class> <!-- workplace.HotelBooking -->
    </test> <!-- Default test -->
  </suite> <!-- Default suite -->
</testng-results>
